d:\downloads\baseappopengl\baseappopengl\debug\vc142.pdb
d:\downloads\baseappopengl\baseappopengl\debug\vc142.idb
d:\downloads\baseappopengl\baseappopengl\debug\scenebaseclass.obj
d:\downloads\baseappopengl\baseappopengl\debug\scene2.obj
d:\downloads\baseappopengl\baseappopengl\debug\scene1.obj
d:\downloads\baseappopengl\baseappopengl\debug\mesh.obj
d:\downloads\baseappopengl\baseappopengl\debug\helpers.obj
d:\downloads\baseappopengl\baseappopengl\debug\gltexture.obj
d:\downloads\baseappopengl\baseappopengl\debug\ctimer.obj
d:\downloads\baseappopengl\baseappopengl\debug\ctexture.obj
d:\downloads\baseappopengl\baseappopengl\debug\ctexto.obj
d:\downloads\baseappopengl\baseappopengl\debug\cterreno.obj
d:\downloads\baseappopengl\baseappopengl\debug\cshadermanager.obj
d:\downloads\baseappopengl\baseappopengl\debug\cmodel_assimp.obj
d:\downloads\baseappopengl\baseappopengl\debug\cmodel_3ds.obj
d:\downloads\baseappopengl\baseappopengl\debug\ccamera.obj
d:\downloads\baseappopengl\baseappopengl\debug\scenemanager.obj
d:\downloads\baseappopengl\baseappopengl\debug\main.obj
d:\downloads\baseappopengl\debug\baseappopengl.exe
d:\downloads\baseappopengl\baseappopengl\debug\baseappopengl.ilk
d:\downloads\baseappopengl\debug\baseappopengl.pdb
d:\downloads\baseappopengl\baseappopengl\debug\baseappopengl.tlog\cl.command.1.tlog
d:\downloads\baseappopengl\baseappopengl\debug\baseappopengl.tlog\cl.read.1.tlog
d:\downloads\baseappopengl\baseappopengl\debug\baseappopengl.tlog\cl.write.1.tlog
d:\downloads\baseappopengl\baseappopengl\debug\baseappopengl.tlog\link.command.1.tlog
d:\downloads\baseappopengl\baseappopengl\debug\baseappopengl.tlog\link.read.1.tlog
d:\downloads\baseappopengl\baseappopengl\debug\baseappopengl.tlog\link.write.1.tlog
