c:\users\computação\desktop\projetodatropa\baseappopengl\debug\vc142.pdb
c:\users\computação\desktop\projetodatropa\baseappopengl\debug\vc142.idb
c:\users\computação\desktop\projetodatropa\baseappopengl\debug\scenemanager.obj
c:\users\computação\desktop\projetodatropa\baseappopengl\debug\scenebaseclass.obj
c:\users\computação\desktop\projetodatropa\baseappopengl\debug\scene2.obj
c:\users\computação\desktop\projetodatropa\baseappopengl\debug\scene1.obj
c:\users\computação\desktop\projetodatropa\baseappopengl\debug\mesh.obj
c:\users\computação\desktop\projetodatropa\baseappopengl\debug\main.obj
c:\users\computação\desktop\projetodatropa\baseappopengl\debug\helpers.obj
c:\users\computação\desktop\projetodatropa\baseappopengl\debug\gltexture.obj
c:\users\computação\desktop\projetodatropa\baseappopengl\debug\ctimer.obj
c:\users\computação\desktop\projetodatropa\baseappopengl\debug\ctexture.obj
c:\users\computação\desktop\projetodatropa\baseappopengl\debug\ctexto.obj
c:\users\computação\desktop\projetodatropa\baseappopengl\debug\cterreno.obj
c:\users\computação\desktop\projetodatropa\baseappopengl\debug\cshadermanager.obj
c:\users\computação\desktop\projetodatropa\baseappopengl\debug\cmodel_assimp.obj
c:\users\computação\desktop\projetodatropa\baseappopengl\debug\cmodel_3ds.obj
c:\users\computação\desktop\projetodatropa\baseappopengl\debug\ccamera.obj
c:\users\computação\desktop\projetodatropa\debug\baseappopengl.exe
c:\users\computação\desktop\projetodatropa\baseappopengl\debug\baseappopengl.ilk
c:\users\computação\desktop\projetodatropa\debug\baseappopengl.pdb
c:\users\computação\desktop\projetodatropa\baseappopengl\debug\baseappopengl.tlog\cl.command.1.tlog
c:\users\computação\desktop\projetodatropa\baseappopengl\debug\baseappopengl.tlog\cl.read.1.tlog
c:\users\computação\desktop\projetodatropa\baseappopengl\debug\baseappopengl.tlog\cl.write.1.tlog
c:\users\computação\desktop\projetodatropa\baseappopengl\debug\baseappopengl.tlog\link.command.1.tlog
c:\users\computação\desktop\projetodatropa\baseappopengl\debug\baseappopengl.tlog\link.read.1.tlog
c:\users\computação\desktop\projetodatropa\baseappopengl\debug\baseappopengl.tlog\link.write.1.tlog
