d:\downloads\baseappopengl\release\baseappopengl.ipdb
d:\downloads\baseappopengl\release\baseappopengl.iobj
d:\downloads\baseappopengl\baseappopengl\release\vc142.pdb
d:\downloads\baseappopengl\baseappopengl\release\scenemanager.obj
d:\downloads\baseappopengl\baseappopengl\release\scenebaseclass.obj
d:\downloads\baseappopengl\baseappopengl\release\scene2.obj
d:\downloads\baseappopengl\baseappopengl\release\scene1.obj
d:\downloads\baseappopengl\baseappopengl\release\main.obj
d:\downloads\baseappopengl\baseappopengl\release\helpers.obj
d:\downloads\baseappopengl\baseappopengl\release\gltexture.obj
d:\downloads\baseappopengl\baseappopengl\release\ctimer.obj
d:\downloads\baseappopengl\baseappopengl\release\ctexture.obj
d:\downloads\baseappopengl\baseappopengl\release\ctexto.obj
d:\downloads\baseappopengl\baseappopengl\release\cshadermanager.obj
d:\downloads\baseappopengl\baseappopengl\release\cmodel_3ds.obj
d:\downloads\baseappopengl\baseappopengl\release\ccamera.obj
d:\downloads\baseappopengl\release\baseappopengl.exe
d:\downloads\baseappopengl\release\baseappopengl.pdb
d:\downloads\baseappopengl\baseappopengl\release\baseappopengl.tlog\baseappopengl.write.1u.tlog
d:\downloads\baseappopengl\baseappopengl\release\baseappopengl.tlog\cl.command.1.tlog
d:\downloads\baseappopengl\baseappopengl\release\baseappopengl.tlog\cl.read.1.tlog
d:\downloads\baseappopengl\baseappopengl\release\baseappopengl.tlog\cl.write.1.tlog
d:\downloads\baseappopengl\baseappopengl\release\baseappopengl.tlog\link.command.1.tlog
d:\downloads\baseappopengl\baseappopengl\release\baseappopengl.tlog\link.read.1.tlog
d:\downloads\baseappopengl\baseappopengl\release\baseappopengl.tlog\link.write.1.tlog
